2025-06-23T17:01:14.571+03:00 INFO  --- [main] i.g.m.m.MyPetProjectApplication          : Starting MyPetProjectApplication using Java 17.0.15 with PID 14160 (C:\Users\M1dDler\IdeaProjects\my_pet_project\my_pet_project_backend\target\classes started by M1dDler in C:\Users\M1dDler\IdeaProjects\my_pet_project\my_pet_project_backend)
2025-06-23T17:01:14.574+03:00 INFO  --- [main] i.g.m.m.MyPetProjectApplication          : No active profile set, falling back to 1 default profile: "default"
2025-06-23T17:01:15.256+03:00 INFO  --- [main] .s.d.r.c.RepositoryConfigurationDelegate : Bootstrapping Spring Data JPA repositories in DEFAULT mode.
2025-06-23T17:01:15.326+03:00 INFO  --- [main] .s.d.r.c.RepositoryConfigurationDelegate : Finished Spring Data repository scanning in 61 ms. Found 4 JPA repository interfaces.
2025-06-23T17:01:15.787+03:00 INFO  --- [main] o.s.b.w.embedded.tomcat.TomcatWebServer  : Tomcat initialized with port 8080 (http)
2025-06-23T17:01:15.800+03:00 INFO  --- [main] o.apache.catalina.core.StandardService   : Starting service [Tomcat]
2025-06-23T17:01:15.801+03:00 INFO  --- [main] o.apache.catalina.core.StandardEngine    : Starting Servlet engine: [Apache Tomcat/10.1.40]
2025-06-23T17:01:15.862+03:00 INFO  --- [main] o.a.c.c.C.[Tomcat].[localhost].[/]       : Initializing Spring embedded WebApplicationContext
2025-06-23T17:01:15.862+03:00 INFO  --- [main] w.s.c.ServletWebServerApplicationContext : Root WebApplicationContext: initialization completed in 1236 ms
2025-06-23T17:01:15.983+03:00 INFO  --- [main] com.zaxxer.hikari.HikariDataSource       : HikariPool-1 - Starting...
2025-06-23T17:01:16.226+03:00 INFO  --- [main] com.zaxxer.hikari.pool.HikariPool        : HikariPool-1 - Added connection com.mysql.cj.jdbc.ConnectionImpl@18a98913
2025-06-23T17:01:16.228+03:00 INFO  --- [main] com.zaxxer.hikari.HikariDataSource       : HikariPool-1 - Start completed.
2025-06-23T17:01:16.279+03:00 INFO  --- [main] o.hibernate.jpa.internal.util.LogHelper  : HHH000204: Processing PersistenceUnitInfo [name: default]
2025-06-23T17:01:16.384+03:00 INFO  --- [main] org.hibernate.Version                    : HHH000412: Hibernate ORM core version 6.6.13.Final
2025-06-23T17:01:16.436+03:00 INFO  --- [main] o.h.c.internal.RegionFactoryInitiator    : HHH000026: Second-level cache disabled
2025-06-23T17:01:16.832+03:00 INFO  --- [main] o.s.o.j.p.SpringPersistenceUnitInfo      : No LoadTimeWeaver setup: ignoring JPA class transformer
2025-06-23T17:01:16.986+03:00 INFO  --- [main] org.hibernate.orm.connections.pooling    : HHH10001005: Database info:
	Database JDBC URL [Connecting through datasource 'HikariDataSource (HikariPool-1)']
	Database driver: undefined/unknown
	Database version: 8.0.42
	Autocommit mode: undefined/unknown
	Isolation level: undefined/unknown
	Minimum pool size: undefined/unknown
	Maximum pool size: undefined/unknown
2025-06-23T17:01:18.193+03:00 INFO  --- [main] o.h.e.t.j.p.i.JtaPlatformInitiator       : HHH000489: No JTA platform available (set 'hibernate.transaction.jta.platform' to enable JTA platform integration)
2025-06-23T17:01:18.196+03:00 INFO  --- [main] j.LocalContainerEntityManagerFactoryBean : Initialized JPA EntityManagerFactory for persistence unit 'default'
2025-06-23T17:01:18.541+03:00 INFO  --- [main] o.s.d.j.r.query.QueryEnhancerFactory     : Hibernate is in classpath; If applicable, HQL parser will be used.
2025-06-23T17:01:19.091+03:00 INFO  --- [main] r$InitializeUserDetailsManagerConfigurer : Global AuthenticationManager configured with UserDetailsService bean with name userServiceImpl
2025-06-23T17:01:19.783+03:00 INFO  --- [main] o.s.b.w.embedded.tomcat.TomcatWebServer  : Tomcat started on port 8080 (http) with context path '/'
2025-06-23T17:01:19.790+03:00 INFO  --- [main] i.g.m.m.MyPetProjectApplication          : Started MyPetProjectApplication in 5.896 seconds (process running for 6.543)
2025-06-23T17:01:45.191+03:00 INFO  --- [http-nio-8080-exec-1] o.a.c.c.C.[Tomcat].[localhost].[/]       : Initializing Spring DispatcherServlet 'dispatcherServlet'
2025-06-23T17:01:45.191+03:00 INFO  --- [http-nio-8080-exec-1] o.s.web.servlet.DispatcherServlet        : Initializing Servlet 'dispatcherServlet'
2025-06-23T17:01:45.192+03:00 INFO  --- [http-nio-8080-exec-1] o.s.web.servlet.DispatcherServlet        : Completed initialization in 0 ms
2025-06-23T17:03:08.932+03:00 INFO  --- [SpringApplicationShutdownHook] o.s.b.w.e.tomcat.GracefulShutdown        : Commencing graceful shutdown. Waiting for active requests to complete
2025-06-23T17:03:09.052+03:00 INFO  --- [tomcat-shutdown] o.s.b.w.e.tomcat.GracefulShutdown        : Graceful shutdown complete
2025-06-23T17:03:09.056+03:00 INFO  --- [SpringApplicationShutdownHook] j.LocalContainerEntityManagerFactoryBean : Closing JPA EntityManagerFactory for persistence unit 'default'
2025-06-23T17:03:09.058+03:00 INFO  --- [SpringApplicationShutdownHook] com.zaxxer.hikari.HikariDataSource       : HikariPool-1 - Shutdown initiated...
2025-06-23T17:03:09.066+03:00 INFO  --- [SpringApplicationShutdownHook] com.zaxxer.hikari.HikariDataSource       : HikariPool-1 - Shutdown completed.
2025-06-23T17:05:02.341+03:00 INFO  --- [main] i.g.m.m.MyPetProjectApplication          : Starting MyPetProjectApplication using Java 17.0.15 with PID 5944 (C:\Users\M1dDler\IdeaProjects\my_pet_project\my_pet_project_backend\target\classes started by M1dDler in C:\Users\M1dDler\IdeaProjects\my_pet_project\my_pet_project_backend)
2025-06-23T17:05:02.343+03:00 INFO  --- [main] i.g.m.m.MyPetProjectApplication          : No active profile set, falling back to 1 default profile: "default"
2025-06-23T17:05:02.969+03:00 INFO  --- [main] .s.d.r.c.RepositoryConfigurationDelegate : Bootstrapping Spring Data JPA repositories in DEFAULT mode.
2025-06-23T17:05:03.029+03:00 INFO  --- [main] .s.d.r.c.RepositoryConfigurationDelegate : Finished Spring Data repository scanning in 51 ms. Found 4 JPA repository interfaces.
2025-06-23T17:05:03.438+03:00 INFO  --- [main] o.s.b.w.embedded.tomcat.TomcatWebServer  : Tomcat initialized with port 8080 (http)
2025-06-23T17:05:03.447+03:00 INFO  --- [main] o.apache.catalina.core.StandardService   : Starting service [Tomcat]
2025-06-23T17:05:03.448+03:00 INFO  --- [main] o.apache.catalina.core.StandardEngine    : Starting Servlet engine: [Apache Tomcat/10.1.40]
2025-06-23T17:05:03.489+03:00 INFO  --- [main] o.a.c.c.C.[Tomcat].[localhost].[/]       : Initializing Spring embedded WebApplicationContext
2025-06-23T17:05:03.490+03:00 INFO  --- [main] w.s.c.ServletWebServerApplicationContext : Root WebApplicationContext: initialization completed in 1105 ms
2025-06-23T17:05:03.576+03:00 INFO  --- [main] com.zaxxer.hikari.HikariDataSource       : HikariPool-1 - Starting...
2025-06-23T17:05:03.724+03:00 INFO  --- [main] com.zaxxer.hikari.pool.HikariPool        : HikariPool-1 - Added connection com.mysql.cj.jdbc.ConnectionImpl@7b297740
2025-06-23T17:05:03.726+03:00 INFO  --- [main] com.zaxxer.hikari.HikariDataSource       : HikariPool-1 - Start completed.
2025-06-23T17:05:03.759+03:00 INFO  --- [main] o.hibernate.jpa.internal.util.LogHelper  : HHH000204: Processing PersistenceUnitInfo [name: default]
2025-06-23T17:05:03.802+03:00 INFO  --- [main] org.hibernate.Version                    : HHH000412: Hibernate ORM core version 6.6.13.Final
2025-06-23T17:05:03.831+03:00 INFO  --- [main] o.h.c.internal.RegionFactoryInitiator    : HHH000026: Second-level cache disabled
2025-06-23T17:05:04.062+03:00 INFO  --- [main] o.s.o.j.p.SpringPersistenceUnitInfo      : No LoadTimeWeaver setup: ignoring JPA class transformer
2025-06-23T17:05:04.155+03:00 INFO  --- [main] org.hibernate.orm.connections.pooling    : HHH10001005: Database info:
	Database JDBC URL [Connecting through datasource 'HikariDataSource (HikariPool-1)']
	Database driver: undefined/unknown
	Database version: 8.0.42
	Autocommit mode: undefined/unknown
	Isolation level: undefined/unknown
	Minimum pool size: undefined/unknown
	Maximum pool size: undefined/unknown
2025-06-23T17:05:04.983+03:00 INFO  --- [main] o.h.e.t.j.p.i.JtaPlatformInitiator       : HHH000489: No JTA platform available (set 'hibernate.transaction.jta.platform' to enable JTA platform integration)
2025-06-23T17:05:04.986+03:00 INFO  --- [main] j.LocalContainerEntityManagerFactoryBean : Initialized JPA EntityManagerFactory for persistence unit 'default'
2025-06-23T17:05:05.193+03:00 INFO  --- [main] o.s.d.j.r.query.QueryEnhancerFactory     : Hibernate is in classpath; If applicable, HQL parser will be used.
2025-06-23T17:05:05.687+03:00 INFO  --- [main] r$InitializeUserDetailsManagerConfigurer : Global AuthenticationManager configured with UserDetailsService bean with name userServiceImpl
2025-06-23T17:05:06.254+03:00 INFO  --- [main] o.s.b.w.embedded.tomcat.TomcatWebServer  : Tomcat started on port 8080 (http) with context path '/'
2025-06-23T17:05:06.260+03:00 INFO  --- [main] i.g.m.m.MyPetProjectApplication          : Started MyPetProjectApplication in 4.506 seconds (process running for 5.331)
2025-06-23T17:05:11.912+03:00 INFO  --- [SpringApplicationShutdownHook] o.s.b.w.e.tomcat.GracefulShutdown        : Commencing graceful shutdown. Waiting for active requests to complete
2025-06-23T17:05:12.039+03:00 INFO  --- [tomcat-shutdown] o.s.b.w.e.tomcat.GracefulShutdown        : Graceful shutdown complete
2025-06-23T17:05:12.044+03:00 INFO  --- [SpringApplicationShutdownHook] j.LocalContainerEntityManagerFactoryBean : Closing JPA EntityManagerFactory for persistence unit 'default'
2025-06-23T17:05:12.045+03:00 INFO  --- [SpringApplicationShutdownHook] com.zaxxer.hikari.HikariDataSource       : HikariPool-1 - Shutdown initiated...
2025-06-23T17:05:12.051+03:00 INFO  --- [SpringApplicationShutdownHook] com.zaxxer.hikari.HikariDataSource       : HikariPool-1 - Shutdown completed.
